Using pre-set license
Built from '2021.1/staging' branch; Version is '2021.1.6f1 (c0fade0cc7e9) revision 12647134'; Using compiler version '192528614'; Build Type 'Release'
OS: 'Windows 10 Pro; OS build 19042.985; Version 2009; 64bit' Language: 'en' Physical Memory: 32657 MB
BatchMode: 1, IsHumanControllingUs: 0, StartBugReporterOnCrash: 0, Is64bit: 1, IsPro: 0

 COMMAND LINE ARGUMENTS:
C:\Program Files\Unity\Hub\Editor\2021.1.6f1\Editor\Unity.exe
-adb2
-batchMode
-noUpm
-name
AssetImportWorker0
-projectPath
C:/thegame
-logFile
Logs/AssetImportWorker0.log
-srvPort
51538
Successfully changed project path to: C:/thegame
C:/thegame
Using Asset Import Pipeline V2.
Refreshing native plugins compatible for Editor in 93.73 ms, found 2 plugins.
Preloading 0 native plugins for Editor in 0.00 ms.
Initialize engine version: 2021.1.6f1 (c0fade0cc7e9)
[Subsystems] Discovering subsystems at path C:/Program Files/Unity/Hub/Editor/2021.1.6f1/Editor/Data/Resources/UnitySubsystems
[Subsystems] Discovering subsystems at path C:/thegame/Assets
GfxDevice: creating device client; threaded=0; jobified=0
Direct3D:
    Version:  Direct3D 11.0 [level 11.1]
    Renderer: NVIDIA GeForce RTX 2080 (ID=0x1e87)
    Vendor:   NVIDIA
    VRAM:     8010 MB
    Driver:   27.21.14.6589
Initialize mono
Mono path[0] = 'C:/Program Files/Unity/Hub/Editor/2021.1.6f1/Editor/Data/Managed'
Mono path[1] = 'C:/Program Files/Unity/Hub/Editor/2021.1.6f1/Editor/Data/MonoBleedingEdge/lib/mono/unityjit'
Mono config path = 'C:/Program Files/Unity/Hub/Editor/2021.1.6f1/Editor/Data/MonoBleedingEdge/etc'
Using monoOptions --debugger-agent=transport=dt_socket,embedding=1,server=y,suspend=n,address=127.0.0.1:56952
Begin MonoManager ReloadAssembly
Registering precompiled unity dll's ...
Register platform support module: C:/Program Files/Unity/Hub/Editor/2021.1.6f1/Editor/Data/PlaybackEngines/WindowsStandaloneSupport/UnityEditor.WindowsStandalone.Extensions.dll
Registered in 0.001663 seconds.
Native extension for WindowsStandalone target not found
Refreshing native plugins compatible for Editor in 92.81 ms, found 2 plugins.
Preloading 0 native plugins for Editor in 0.00 ms.
Mono: successfully reloaded assembly
- Completed reload, in  1.194 seconds
Platform modules already initialized, skipping
Registering precompiled user dll's ...
Registered in 0.003001 seconds.
Begin MonoManager ReloadAssembly
Native extension for WindowsStandalone target not found
Refreshing native plugins compatible for Editor in 86.54 ms, found 2 plugins.
Preloading 0 native plugins for Editor in 0.00 ms.
Mono: successfully reloaded assembly
- Completed reload, in  1.810 seconds
Platform modules already initialized, skipping
========================================================================
Worker process is ready to serve import requests
Launched and connected shader compiler UnityShaderCompiler.exe after 0.06 seconds
Refreshing native plugins compatible for Editor in 0.56 ms, found 2 plugins.
Preloading 0 native plugins for Editor in 0.00 ms.
Unloading 3521 Unused Serialized files (Serialized files now loaded: 0)
System memory in use before: 136.7 MB.
System memory in use after: 136.9 MB.

Unloading 25 unused Assets to reduce memory usage. Loaded Objects now: 3980.
Total: 2.048000 ms (FindLiveObjects: 0.211000 ms CreateObjectMapping: 0.154900 ms MarkObjects: 1.641100 ms  DeleteObjects: 0.040300 ms)

========================================================================
Received Import Request.
  path: Assets/Sound.cs
  artifactKey: Guid(6f6f324058d306f409ab5a8cf5a4b4eb) Importer(815301076,1909f56bfc062723c751e8b465ee728b)
Start importing Assets/Sound.cs using Guid(6f6f324058d306f409ab5a8cf5a4b4eb) Importer(815301076,1909f56bfc062723c751e8b465ee728b)  -> (artifact id: '2de95d7839d1f48fdb483efcaaa3cf84') in 0.026265 seconds 
========================================================================
Received Prepare
Registering precompiled user dll's ...
Registered in 0.002899 seconds.
Begin MonoManager ReloadAssembly
Native extension for WindowsStandalone target not found
Refreshing native plugins compatible for Editor in 0.67 ms, found 2 plugins.
Preloading 0 native plugins for Editor in 0.00 ms.
Mono: successfully reloaded assembly
- Completed reload, in  0.823 seconds
Platform modules already initialized, skipping
Refreshing native plugins compatible for Editor in 0.57 ms, found 2 plugins.
Preloading 0 native plugins for Editor in 0.00 ms.
Unloading 3510 Unused Serialized files (Serialized files now loaded: 0)
System memory in use before: 136.1 MB.
System memory in use after: 136.3 MB.

Unloading 13 unused Assets to reduce memory usage. Loaded Objects now: 3984.
Total: 2.217100 ms (FindLiveObjects: 0.213900 ms CreateObjectMapping: 0.160200 ms MarkObjects: 1.825500 ms  DeleteObjects: 0.016800 ms)

========================================================================
Received Import Request.
  Time since last request: 84.641076 seconds.
  path: Assets/Sound.cs
  artifactKey: Guid(6f6f324058d306f409ab5a8cf5a4b4eb) Importer(815301076,1909f56bfc062723c751e8b465ee728b)
Start importing Assets/Sound.cs using Guid(6f6f324058d306f409ab5a8cf5a4b4eb) Importer(815301076,1909f56bfc062723c751e8b465ee728b)  -> (artifact id: 'bf18a970cf5bbea6dac11da7fb116286') in 0.005288 seconds 
========================================================================
Received Prepare
Registering precompiled user dll's ...
Registered in 0.002860 seconds.
Begin MonoManager ReloadAssembly
Native extension for WindowsStandalone target not found
Refreshing native plugins compatible for Editor in 0.55 ms, found 2 plugins.
Preloading 0 native plugins for Editor in 0.00 ms.
Mono: successfully reloaded assembly
- Completed reload, in  0.844 seconds
Platform modules already initialized, skipping
Refreshing native plugins compatible for Editor in 0.59 ms, found 2 plugins.
Preloading 0 native plugins for Editor in 0.00 ms.
Unloading 3510 Unused Serialized files (Serialized files now loaded: 0)
System memory in use before: 136.2 MB.
System memory in use after: 136.4 MB.

Unloading 13 unused Assets to reduce memory usage. Loaded Objects now: 3988.
Total: 1.997600 ms (FindLiveObjects: 0.200900 ms CreateObjectMapping: 0.136800 ms MarkObjects: 1.647100 ms  DeleteObjects: 0.012000 ms)

========================================================================
Received Import Request.
  Time since last request: 144.956303 seconds.
  path: Assets/Sound.cs
  artifactKey: Guid(6f6f324058d306f409ab5a8cf5a4b4eb) Importer(815301076,1909f56bfc062723c751e8b465ee728b)
Start importing Assets/Sound.cs using Guid(6f6f324058d306f409ab5a8cf5a4b4eb) Importer(815301076,1909f56bfc062723c751e8b465ee728b)  -> (artifact id: 'f600515576144395ad87c7fa91145d4d') in 0.004382 seconds 
========================================================================
Received Prepare
Registering precompiled user dll's ...
Registered in 0.002841 seconds.
Begin MonoManager ReloadAssembly
Native extension for WindowsStandalone target not found
Refreshing native plugins compatible for Editor in 0.57 ms, found 2 plugins.
Preloading 0 native plugins for Editor in 0.00 ms.
Mono: successfully reloaded assembly
- Completed reload, in  0.830 seconds
Platform modules already initialized, skipping
Refreshing native plugins compatible for Editor in 0.57 ms, found 2 plugins.
Preloading 0 native plugins for Editor in 0.00 ms.
Unloading 3510 Unused Serialized files (Serialized files now loaded: 0)
System memory in use before: 136.2 MB.
System memory in use after: 136.4 MB.

Unloading 13 unused Assets to reduce memory usage. Loaded Objects now: 3992.
Total: 2.190200 ms (FindLiveObjects: 0.238300 ms CreateObjectMapping: 0.218100 ms MarkObjects: 1.721400 ms  DeleteObjects: 0.011800 ms)

========================================================================
Received Prepare
Registering precompiled user dll's ...
Registered in 0.002809 seconds.
Begin MonoManager ReloadAssembly
Native extension for WindowsStandalone target not found
Refreshing native plugins compatible for Editor in 0.74 ms, found 2 plugins.
Preloading 0 native plugins for Editor in 0.00 ms.
Mono: successfully reloaded assembly
- Completed reload, in  0.820 seconds
Platform modules already initialized, skipping
Refreshing native plugins compatible for Editor in 0.64 ms, found 2 plugins.
Preloading 0 native plugins for Editor in 0.00 ms.
Unloading 3510 Unused Serialized files (Serialized files now loaded: 0)
System memory in use before: 136.2 MB.
System memory in use after: 136.5 MB.

Unloading 13 unused Assets to reduce memory usage. Loaded Objects now: 3996.
Total: 2.128100 ms (FindLiveObjects: 0.211000 ms CreateObjectMapping: 0.166300 ms MarkObjects: 1.737400 ms  DeleteObjects: 0.012800 ms)

========================================================================
Received Import Request.
  Time since last request: 859.364873 seconds.
  path: Assets/AudioSystem.prefab
  artifactKey: Guid(1826d901e92610849afdf8bee40a3dab) Importer(815301076,1909f56bfc062723c751e8b465ee728b)
Start importing Assets/AudioSystem.prefab using Guid(1826d901e92610849afdf8bee40a3dab) Importer(815301076,1909f56bfc062723c751e8b465ee728b)  -> (artifact id: 'f8fbf4f7a3ce0861ceaf75e528d5f438') in 0.027480 seconds 
========================================================================
Received Prepare
Registering precompiled user dll's ...
Registered in 0.002904 seconds.
Begin MonoManager ReloadAssembly
Native extension for WindowsStandalone target not found
Refreshing native plugins compatible for Editor in 0.55 ms, found 2 plugins.
Preloading 0 native plugins for Editor in 0.00 ms.
Mono: successfully reloaded assembly
- Completed reload, in  0.803 seconds
Platform modules already initialized, skipping
Refreshing native plugins compatible for Editor in 0.59 ms, found 2 plugins.
Preloading 0 native plugins for Editor in 0.00 ms.
Unloading 3510 Unused Serialized files (Serialized files now loaded: 0)
System memory in use before: 136.2 MB.
System memory in use after: 136.5 MB.

Unloading 13 unused Assets to reduce memory usage. Loaded Objects now: 4000.
Total: 2.123800 ms (FindLiveObjects: 0.214500 ms CreateObjectMapping: 0.163500 ms MarkObjects: 1.731800 ms  DeleteObjects: 0.013400 ms)

========================================================================
Received Import Request.
  Time since last request: 239.999403 seconds.
  path: Assets/Medieval_pixel_art_asset_FREE
  artifactKey: Guid(61330214bfe5f4745b35722214d0101e) Importer(815301076,1909f56bfc062723c751e8b465ee728b)
Start importing Assets/Medieval_pixel_art_asset_FREE using Guid(61330214bfe5f4745b35722214d0101e) Importer(815301076,1909f56bfc062723c751e8b465ee728b)  -> (artifact id: '81a70bbec0febdb8a1279858a2c6e306') in 0.008031 seconds 
========================================================================
Received Import Request.
  Time since last request: 0.366885 seconds.
  path: Assets/Hero Knight - Pixel Art
  artifactKey: Guid(4f09d79d0cc1e4c41a18389e543ddeb3) Importer(815301076,1909f56bfc062723c751e8b465ee728b)
Start importing Assets/Hero Knight - Pixel Art using Guid(4f09d79d0cc1e4c41a18389e543ddeb3) Importer(815301076,1909f56bfc062723c751e8b465ee728b)  -> (artifact id: '51e7f703137caf6cacc85313b3916179') in 0.004765 seconds 
========================================================================
Received Import Request.
  Time since last request: 0.290076 seconds.
  path: Assets/HealthHeartSystem
  artifactKey: Guid(702d1403970db214693ed3ea83bee68e) Importer(815301076,1909f56bfc062723c751e8b465ee728b)
Start importing Assets/HealthHeartSystem using Guid(702d1403970db214693ed3ea83bee68e) Importer(815301076,1909f56bfc062723c751e8b465ee728b)  -> (artifact id: '4795f9a5059105ba82884a32167824da') in 0.004829 seconds 
========================================================================
Received Import Request.
  Time since last request: 0.290210 seconds.
  path: Assets/2D Pixel Key pack
  artifactKey: Guid(0e080a812e2d0a943903b26e8e3b7349) Importer(815301076,1909f56bfc062723c751e8b465ee728b)
Start importing Assets/2D Pixel Key pack using Guid(0e080a812e2d0a943903b26e8e3b7349) Importer(815301076,1909f56bfc062723c751e8b465ee728b)  -> (artifact id: 'db7e0bc92e44aece4125d6181f574764') in 0.005089 seconds 
========================================================================
Received Prepare
Registering precompiled user dll's ...
Registered in 0.002976 seconds.
Begin MonoManager ReloadAssembly
Native extension for WindowsStandalone target not found
Refreshing native plugins compatible for Editor in 0.58 ms, found 2 plugins.
Preloading 0 native plugins for Editor in 0.00 ms.
Mono: successfully reloaded assembly
- Completed reload, in  0.813 seconds
Platform modules already initialized, skipping
Refreshing native plugins compatible for Editor in 0.56 ms, found 2 plugins.
Preloading 0 native plugins for Editor in 0.00 ms.
Unloading 3510 Unused Serialized files (Serialized files now loaded: 0)
System memory in use before: 136.3 MB.
System memory in use after: 136.5 MB.

Unloading 13 unused Assets to reduce memory usage. Loaded Objects now: 4004.
Total: 1.879400 ms (FindLiveObjects: 0.208900 ms CreateObjectMapping: 0.144700 ms MarkObjects: 1.513000 ms  DeleteObjects: 0.012200 ms)

========================================================================
Received Prepare
Registering precompiled user dll's ...
Registered in 0.002869 seconds.
Begin MonoManager ReloadAssembly
Native extension for WindowsStandalone target not found
Refreshing native plugins compatible for Editor in 0.56 ms, found 2 plugins.
Preloading 0 native plugins for Editor in 0.00 ms.
Mono: successfully reloaded assembly
- Completed reload, in  0.819 seconds
Platform modules already initialized, skipping
Refreshing native plugins compatible for Editor in 0.62 ms, found 2 plugins.
Preloading 0 native plugins for Editor in 0.00 ms.
Unloading 3510 Unused Serialized files (Serialized files now loaded: 0)
System memory in use before: 136.3 MB.
System memory in use after: 136.5 MB.

Unloading 13 unused Assets to reduce memory usage. Loaded Objects now: 4008.
Total: 1.992200 ms (FindLiveObjects: 0.205200 ms CreateObjectMapping: 0.155400 ms MarkObjects: 1.619000 ms  DeleteObjects: 0.012000 ms)

========================================================================
Received Prepare
Registering precompiled user dll's ...
Registered in 0.002853 seconds.
Begin MonoManager ReloadAssembly
Native extension for WindowsStandalone target not found
Refreshing native plugins compatible for Editor in 0.57 ms, found 2 plugins.
Preloading 0 native plugins for Editor in 0.00 ms.
Mono: successfully reloaded assembly
- Completed reload, in  0.821 seconds
Platform modules already initialized, skipping
Refreshing native plugins compatible for Editor in 0.58 ms, found 2 plugins.
Preloading 0 native plugins for Editor in 0.00 ms.
Unloading 3510 Unused Serialized files (Serialized files now loaded: 0)
System memory in use before: 136.3 MB.
System memory in use after: 136.5 MB.

Unloading 13 unused Assets to reduce memory usage. Loaded Objects now: 4012.
Total: 2.008500 ms (FindLiveObjects: 0.210700 ms CreateObjectMapping: 0.173300 ms MarkObjects: 1.610900 ms  DeleteObjects: 0.013000 ms)

========================================================================
Received Prepare
Registering precompiled user dll's ...
Registered in 0.002875 seconds.
Begin MonoManager ReloadAssembly
Native extension for WindowsStandalone target not found
Refreshing native plugins compatible for Editor in 0.57 ms, found 2 plugins.
Preloading 0 native plugins for Editor in 0.00 ms.
Mono: successfully reloaded assembly
- Completed reload, in  0.790 seconds
Platform modules already initialized, skipping
Refreshing native plugins compatible for Editor in 0.61 ms, found 2 plugins.
Preloading 0 native plugins for Editor in 0.00 ms.
Unloading 3510 Unused Serialized files (Serialized files now loaded: 0)
System memory in use before: 136.3 MB.
System memory in use after: 136.5 MB.

Unloading 13 unused Assets to reduce memory usage. Loaded Objects now: 4016.
Total: 2.091400 ms (FindLiveObjects: 0.226400 ms CreateObjectMapping: 0.161500 ms MarkObjects: 1.689100 ms  DeleteObjects: 0.013800 ms)

========================================================================
Received Import Request.
  Time since last request: 716.733753 seconds.
  path: Assets/Hero Knight - Pixel Art/Demo/HeroKnight.prefab
  artifactKey: Guid(a4b4a6d32bcb19248a754d6602ffc7e4) Importer(815301076,1909f56bfc062723c751e8b465ee728b)
Start importing Assets/Hero Knight - Pixel Art/Demo/HeroKnight.prefab using Guid(a4b4a6d32bcb19248a754d6602ffc7e4) Importer(815301076,1909f56bfc062723c751e8b465ee728b)  -> (artifact id: 'b3dcc6328a3ef364b2609982f710cc5d') in 0.125327 seconds 
========================================================================
Received Import Request.
  Time since last request: 0.000107 seconds.
  path: Assets/Hero Knight - Pixel Art/Demo/HeroKnight_Green.prefab
  artifactKey: Guid(2f7eeaf41636b0f4f8ca52ea6858fd36) Importer(815301076,1909f56bfc062723c751e8b465ee728b)
Start importing Assets/Hero Knight - Pixel Art/Demo/HeroKnight_Green.prefab using Guid(2f7eeaf41636b0f4f8ca52ea6858fd36) Importer(815301076,1909f56bfc062723c751e8b465ee728b)  -> (artifact id: '4ce57b76ee45c608dd61beeae2306412') in 0.019854 seconds 
========================================================================
Received Import Request.
  Time since last request: 0.000133 seconds.
  path: Assets/Hero Knight - Pixel Art/Demo/HeroKnight_Yellow.prefab
  artifactKey: Guid(3e14bf7b39e2c2940a826eb72e6b8043) Importer(815301076,1909f56bfc062723c751e8b465ee728b)
Start importing Assets/Hero Knight - Pixel Art/Demo/HeroKnight_Yellow.prefab using Guid(3e14bf7b39e2c2940a826eb72e6b8043) Importer(815301076,1909f56bfc062723c751e8b465ee728b)  -> (artifact id: '71497bba573608880f6a3d778c87a912') in 0.015961 seconds 
AssetImportWorkerClient::OnTransportError - code=2 error=End of file
